[0.022s] Invoking command in '/home/sora/Desktop/sora_ws/src/soraros/build/simple_pkg_cpp': CMAKE_PREFIX_PATH=${CMAKE_PREFIX_PATH}:/opt/ros/humble /usr/bin/cmake /home/sora/Desktop/sora_ws/src/soraros/KODTA/simple_pkg_cpp -DAMENT_CMAKE_SYMLINK_INSTALL=1 -DCMAKE_INSTALL_PREFIX=/home/sora/Desktop/sora_ws/src/soraros/install/simple_pkg_cpp
[0.073s] -- The C compiler identification is GNU 11.4.0
[0.125s] -- The CXX compiler identification is GNU 11.4.0
[0.132s] -- Detecting C compiler ABI info
[0.196s] -- Detecting C compiler ABI info - done
[0.204s] -- Check for working C compiler: /usr/bin/cc - skipped
[0.204s] -- Detecting C compile features
[0.205s] -- Detecting C compile features - done
[0.207s] -- Detecting CXX compiler ABI info
[0.282s] -- Detecting CXX compiler ABI info - done
[0.291s] -- Check for working CXX compiler: /usr/bin/c++ - skipped
[0.292s] -- Detecting CXX compile features
[0.292s] -- Detecting CXX compile features - done
[0.296s] -- Found ament_cmake: 1.3.10 (/opt/ros/humble/share/ament_cmake/cmake)
[0.455s] -- Found Python3: /usr/bin/python3 (found version "3.10.12") found components: Interpreter 
[0.511s] -- Override CMake install command with custom implementation using symlinks instead of copying resources
[0.554s] -- Found rclcpp: 16.0.10 (/opt/ros/humble/share/rclcpp/cmake)
[0.612s] -- Found rosidl_generator_c: 3.1.5 (/opt/ros/humble/share/rosidl_generator_c/cmake)
[0.619s] -- Found rosidl_adapter: 3.1.5 (/opt/ros/humble/share/rosidl_adapter/cmake)
[0.630s] -- Found rosidl_generator_cpp: 3.1.5 (/opt/ros/humble/share/rosidl_generator_cpp/cmake)
[0.646s] -- Using all available rosidl_typesupport_c: rosidl_typesupport_fastrtps_c;rosidl_typesupport_introspection_c
[0.666s] -- Using all available rosidl_typesupport_cpp: rosidl_typesupport_fastrtps_cpp;rosidl_typesupport_introspection_cpp
[0.726s] -- Found rmw_implementation_cmake: 6.1.2 (/opt/ros/humble/share/rmw_implementation_cmake/cmake)
[0.730s] -- Found rmw_fastrtps_cpp: 6.2.7 (/opt/ros/humble/share/rmw_fastrtps_cpp/cmake)
[0.812s] -- Found OpenSSL: /usr/lib/x86_64-linux-gnu/libcrypto.so (found version "3.0.2")  
[0.847s] -- Found FastRTPS: /opt/ros/humble/include  
[0.897s] -- Using RMW implementation 'rmw_fastrtps_cpp' as default
[0.910s] -- Looking for pthread.h
[0.964s] -- Looking for pthread.h - found
[0.964s] -- Performing Test CMAKE_HAVE_LIBC_PTHREAD
[1.021s] -- Performing Test CMAKE_HAVE_LIBC_PTHREAD - Success
[1.023s] -- Found Threads: TRUE  
[1.095s] -- Found OpenCV: /usr (found version "4.5.4") 
[1.098s] -- Found interface_example: 0.0.0 (/home/sora/Desktop/sora_ws/install/interface_example/share/interface_example/cmake)
[1.151s] -- Found rclcpp_action: 16.0.10 (/opt/ros/humble/share/rclcpp_action/cmake)
[1.188s] -- Found ament_lint_auto: 0.12.11 (/opt/ros/humble/share/ament_lint_auto/cmake)
[1.312s] -- Added test 'cppcheck' to perform static code analysis on C / C++ code
[1.315s] -- Configured cppcheck include dirs: /home/sora/Desktop/sora_ws/src/soraros/KODTA/simple_pkg_cpp/include
[1.315s] -- Configured cppcheck exclude dirs and/or files: 
[1.316s] -- Added test 'flake8' to check Python code syntax and style conventions
[1.318s] -- Added test 'lint_cmake' to check CMake code style
[1.320s] -- Added test 'pep257' to check Python code against some of the docstring style conventions in PEP 257
[1.323s] -- Added test 'uncrustify' to check C / C++ code style
[1.323s] -- Configured uncrustify additional arguments: 
[1.325s] -- Added test 'xmllint' to check XML markup files
[1.330s] -- Configuring done
[1.554s] -- Generating done
[1.572s] -- Build files have been written to: /home/sora/Desktop/sora_ws/src/soraros/build/simple_pkg_cpp
[1.667s] Invoked command in '/home/sora/Desktop/sora_ws/src/soraros/build/simple_pkg_cpp' returned '0': CMAKE_PREFIX_PATH=${CMAKE_PREFIX_PATH}:/opt/ros/humble /usr/bin/cmake /home/sora/Desktop/sora_ws/src/soraros/KODTA/simple_pkg_cpp -DAMENT_CMAKE_SYMLINK_INSTALL=1 -DCMAKE_INSTALL_PREFIX=/home/sora/Desktop/sora_ws/src/soraros/install/simple_pkg_cpp
[1.668s] Invoking command in '/home/sora/Desktop/sora_ws/src/soraros/build/simple_pkg_cpp': CMAKE_PREFIX_PATH=${CMAKE_PREFIX_PATH}:/opt/ros/humble /usr/bin/cmake --build /home/sora/Desktop/sora_ws/src/soraros/build/simple_pkg_cpp -- -j12 -l12
[1.959s] [  3%] [32mBuilding CXX object CMakeFiles/helloword.dir/src/helloworld.cpp.o[0m
[1.984s] [  6%] [32mBuilding CXX object CMakeFiles/hello_publisher2.dir/src/hello_publisher2.cpp.o[0m
[1.990s] [  9%] [32mBuilding CXX object CMakeFiles/helloOpenCV.dir/src/helloOpenCV.cpp.o[0m
[2.013s] [ 12%] [32mBuilding CXX object CMakeFiles/hello_publisher.dir/src/hello_publisher.cpp.o[0m
[2.026s] [ 15%] [32mBuilding CXX object CMakeFiles/hello_publisher_class2.dir/src/publisher.cpp.o[0m
[2.034s] [ 18%] [32mBuilding CXX object CMakeFiles/hello_publisher_class.dir/src/hello_publisher_class.cpp.o[0m
[2.051s] [ 21%] [32mBuilding CXX object CMakeFiles/hello_subscriber_class.dir/src/hello_subscriber_class.cpp.o[0m
[2.062s] [ 25%] [32mBuilding CXX object CMakeFiles/hello_publisher_class2.dir/src/hello_publisher_class2.cpp.o[0m
[2.088s] [ 28%] [32mBuilding CXX object CMakeFiles/hello_subscriber_class.dir/src/subscriber.cpp.o[0m
[2.134s] [ 31%] [32mBuilding CXX object CMakeFiles/time_subscriber_class.dir/src/time_subscriber_class.cpp.o[0m
[2.157s] [ 34%] [32mBuilding CXX object CMakeFiles/time_publisher_class.dir/src/time_publisher_class.cpp.o[0m
[2.219s] [ 37%] [32mBuilding CXX object CMakeFiles/simple_service_server.dir/src/simple_service_server.cpp.o[0m
[2.275s] [01m[K/home/sora/Desktop/sora_ws/src/soraros/KODTA/simple_pkg_cpp/src/simple_service_server.cpp:1:10:[m[K [01;31m[Kfatal error: [m[Kinterface_example/srv/add_two_int.hpp: No such file or directory
[2.275s]     1 | #include [01;31m[K"interface_example/srv/add_two_int.hpp"[m[K
[2.276s]       |          [01;31m[K^~~~~~~~~~~~~~~~~~~~~~~~~~~~~~~~~~~~~~~[m[K
[2.276s] compilation terminated.
[2.277s] gmake[2]: *** [CMakeFiles/simple_service_server.dir/build.make:76: CMakeFiles/simple_service_server.dir/src/simple_service_server.cpp.o] Error 1
[2.278s] gmake[1]: *** [CMakeFiles/Makefile2:397: CMakeFiles/simple_service_server.dir/all] Error 2
[2.278s] gmake[1]: *** Waiting for unfinished jobs....
[2.409s] [ 40%] [32mBuilding CXX object CMakeFiles/time_subscriber_class.dir/src/time_sub.cpp.o[0m
[2.547s] [ 43%] [32m[1mLinking CXX executable helloword[0m
[3.037s] [ 43%] Built target helloword
[3.087s] [ 46%] [32mBuilding CXX object CMakeFiles/time_publisher_class.dir/src/time_pub.cpp.o[0m
[11.050s] [ 50%] [32m[1mLinking CXX executable helloOpenCV[0m
[13.713s] [ 50%] Built target helloOpenCV
[17.183s] [ 53%] [32m[1mLinking CXX executable hello_publisher[0m
[18.601s] [ 53%] Built target hello_publisher
[27.784s] [ 56%] [32m[1mLinking CXX executable hello_publisher_class[0m
[29.383s] [ 56%] Built target hello_publisher_class
[32.312s] [ 59%] [32m[1mLinking CXX executable hello_publisher2[0m
[32.413s] [ 62%] [32m[1mLinking CXX executable hello_publisher_class2[0m
[33.588s] [ 65%] [32m[1mLinking CXX executable time_publisher_class[0m
[34.023s] [ 65%] Built target time_publisher_class
[34.051s] [ 65%] Built target hello_publisher2
[34.212s] [ 65%] Built target hello_publisher_class2
[47.760s] [ 68%] [32m[1mLinking CXX executable hello_subscriber_class[0m
[48.939s] [ 71%] [32m[1mLinking CXX executable time_subscriber_class[0m
[49.146s] [ 71%] Built target hello_subscriber_class
[50.212s] [ 71%] Built target time_subscriber_class
[50.216s] gmake: *** [Makefile:146: all] Error 2
[50.221s] Invoked command in '/home/sora/Desktop/sora_ws/src/soraros/build/simple_pkg_cpp' returned '2': CMAKE_PREFIX_PATH=${CMAKE_PREFIX_PATH}:/opt/ros/humble /usr/bin/cmake --build /home/sora/Desktop/sora_ws/src/soraros/build/simple_pkg_cpp -- -j12 -l12
